<?xml version="1.0" encoding="UTF-8"?>
<testng-results ignored="0" total="2" passed="2" failed="0" skipped="0">
  <reporter-output>
  </reporter-output>
  <suite started-at="2018-05-19T17:18:47Z" name="Automation Suite" finished-at="2018-05-19T17:18:57Z" duration-ms="9648">
    <groups>
    </groups>
    <test started-at="2018-05-19T17:18:47Z" name="Regression Chrome Test" finished-at="2018-05-19T17:18:55Z" duration-ms="7684">
      <class name="SuiteTest.ParallelTesting">
        <test-method is-config="true" signature="openBrowser(java.lang.String)[pri:0, instance:SuiteTest.ParallelTesting@291b4bf5]" started-at="2018-05-19T17:18:47Z" name="openBrowser" finished-at="2018-05-19T17:18:50Z" duration-ms="2706" status="PASS">
          <params>
            <param index="0">
              <value>
                <![CDATA[chrome]]>
              </value>
            </param>
          </params>
          <reporter-output>
          </reporter-output>
        </test-method> <!-- openBrowser -->
        <test-method signature="testScenario()[pri:0, instance:SuiteTest.ParallelTesting@291b4bf5]" started-at="2018-05-19T17:18:50Z" name="testScenario" finished-at="2018-05-19T17:18:55Z" duration-ms="4947" status="PASS">
          <reporter-output>
          </reporter-output>
        </test-method> <!-- testScenario -->
        <test-method is-config="true" signature="tearDown()[pri:0, instance:SuiteTest.ParallelTesting@291b4bf5]" started-at="2018-05-19T17:18:55Z" name="tearDown" finished-at="2018-05-19T17:18:55Z" duration-ms="1" status="PASS">
          <reporter-output>
          </reporter-output>
        </test-method> <!-- tearDown -->
      </class> <!-- SuiteTest.ParallelTesting -->
    </test> <!-- Regression Chrome Test -->
    <test started-at="2018-05-19T17:18:47Z" name="Regression Firefox Test" finished-at="2018-05-19T17:18:57Z" duration-ms="9648">
      <class name="SuiteTest.ParallelTesting">
        <test-method is-config="true" signature="openBrowser(java.lang.String)[pri:0, instance:SuiteTest.ParallelTesting@75db5df9]" started-at="2018-05-19T17:18:47Z" name="openBrowser" finished-at="2018-05-19T17:18:52Z" duration-ms="4572" status="PASS">
          <params>
            <param index="0">
              <value>
                <![CDATA[firefox]]>
              </value>
            </param>
          </params>
          <reporter-output>
          </reporter-output>
        </test-method> <!-- openBrowser -->
        <test-method signature="testScenario()[pri:0, instance:SuiteTest.ParallelTesting@75db5df9]" started-at="2018-05-19T17:18:52Z" name="testScenario" finished-at="2018-05-19T17:18:57Z" duration-ms="5046" status="PASS">
          <reporter-output>
          </reporter-output>
        </test-method> <!-- testScenario -->
        <test-method is-config="true" signature="tearDown()[pri:0, instance:SuiteTest.ParallelTesting@75db5df9]" started-at="2018-05-19T17:18:57Z" name="tearDown" finished-at="2018-05-19T17:18:57Z" duration-ms="0" status="PASS">
          <reporter-output>
          </reporter-output>
        </test-method> <!-- tearDown -->
      </class> <!-- SuiteTest.ParallelTesting -->
    </test> <!-- Regression Firefox Test -->
  </suite> <!-- Automation Suite -->
</testng-results>
